<?xml version="1.0" encoding="UTF-8"?>
<testng-results>
  <reporter-output>
  </reporter-output>
  <suite name="Default suite" duration-ms="2270" started-at="2015-11-12T16:28:28Z" finished-at="2015-11-12T16:28:30Z">
    <groups>
    </groups>
    <test name="Default test" duration-ms="2270" started-at="2015-11-12T16:28:28Z" finished-at="2015-11-12T16:28:30Z">
      <class name="com.aol.cyclops.javaslang.reactivestreams.javaslang.TckWhiteBoxSubscriberTest">
        <test-method status="PASS" signature="startPublisherExecutorService()" name="startPublisherExecutorService" is-config="true" duration-ms="6" started-at="2015-11-12T16:28:28Z" finished-at="2015-11-12T16:28:28Z">
        </test-method>
        <test-method status="PASS" signature="required_exerciseWhiteboxHappyPath()" name="required_exerciseWhiteboxHappyPath" duration-ms="387" started-at="2015-11-12T16:28:28Z" finished-at="2015-11-12T16:28:28Z">
        </test-method>
        <test-method status="PASS" signature="setUp()" name="setUp" is-config="true" duration-ms="0" started-at="2015-11-12T16:28:28Z" finished-at="2015-11-12T16:28:28Z">
        </test-method>
        <test-method status="PASS" signature="setUp()" name="setUp" is-config="true" duration-ms="0" started-at="2015-11-12T16:28:28Z" finished-at="2015-11-12T16:28:28Z">
        </test-method>
        <test-method status="PASS" signature="required_spec201_mustSignalDemandViaSubscriptionRequest()" name="required_spec201_mustSignalDemandViaSubscriptionRequest" duration-ms="2" started-at="2015-11-12T16:28:28Z" finished-at="2015-11-12T16:28:28Z">
        </test-method>
        <test-method status="PASS" signature="required_spec203_mustNotCallMethodsOnSubscriptionOrPublisherInOnComplete()" name="required_spec203_mustNotCallMethodsOnSubscriptionOrPublisherInOnComplete" duration-ms="2" started-at="2015-11-12T16:28:28Z" finished-at="2015-11-12T16:28:28Z">
        </test-method>
        <test-method status="PASS" signature="setUp()" name="setUp" is-config="true" duration-ms="0" started-at="2015-11-12T16:28:28Z" finished-at="2015-11-12T16:28:28Z">
        </test-method>
        <test-method status="PASS" signature="required_spec203_mustNotCallMethodsOnSubscriptionOrPublisherInOnError()" name="required_spec203_mustNotCallMethodsOnSubscriptionOrPublisherInOnError" duration-ms="2" started-at="2015-11-12T16:28:28Z" finished-at="2015-11-12T16:28:28Z">
        </test-method>
        <test-method status="PASS" signature="setUp()" name="setUp" is-config="true" duration-ms="0" started-at="2015-11-12T16:28:28Z" finished-at="2015-11-12T16:28:28Z">
        </test-method>
        <test-method status="PASS" signature="required_spec205_mustCallSubscriptionCancelIfItAlreadyHasAnSubscriptionAndReceivesAnotherOnSubscribeSignal()" name="required_spec205_mustCallSubscriptionCancelIfItAlreadyHasAnSubscriptionAndReceivesAnotherOnSubscribeSignal" duration-ms="305" started-at="2015-11-12T16:28:28Z" finished-at="2015-11-12T16:28:28Z">
        </test-method>
        <test-method status="PASS" signature="setUp()" name="setUp" is-config="true" duration-ms="0" started-at="2015-11-12T16:28:28Z" finished-at="2015-11-12T16:28:28Z">
        </test-method>
        <test-method status="PASS" signature="setUp()" name="setUp" is-config="true" duration-ms="0" started-at="2015-11-12T16:28:28Z" finished-at="2015-11-12T16:28:28Z">
        </test-method>
        <test-method status="PASS" signature="required_spec208_mustBePreparedToReceiveOnNextSignalsAfterHavingCalledSubscriptionCancel()" name="required_spec208_mustBePreparedToReceiveOnNextSignalsAfterHavingCalledSubscriptionCancel" duration-ms="306" started-at="2015-11-12T16:28:28Z" finished-at="2015-11-12T16:28:29Z">
        </test-method>
        <test-method status="PASS" signature="setUp()" name="setUp" is-config="true" duration-ms="1" started-at="2015-11-12T16:28:29Z" finished-at="2015-11-12T16:28:29Z">
        </test-method>
        <test-method status="PASS" signature="required_spec209_mustBePreparedToReceiveAnOnCompleteSignalWithPrecedingRequestCall()" name="required_spec209_mustBePreparedToReceiveAnOnCompleteSignalWithPrecedingRequestCall" duration-ms="302" started-at="2015-11-12T16:28:29Z" finished-at="2015-11-12T16:28:29Z">
        </test-method>
        <test-method status="PASS" signature="setUp()" name="setUp" is-config="true" duration-ms="0" started-at="2015-11-12T16:28:29Z" finished-at="2015-11-12T16:28:29Z">
        </test-method>
        <test-method status="PASS" signature="required_spec209_mustBePreparedToReceiveAnOnCompleteSignalWithoutPrecedingRequestCall()" name="required_spec209_mustBePreparedToReceiveAnOnCompleteSignalWithoutPrecedingRequestCall" duration-ms="304" started-at="2015-11-12T16:28:29Z" finished-at="2015-11-12T16:28:29Z">
        </test-method>
        <test-method status="PASS" signature="setUp()" name="setUp" is-config="true" duration-ms="0" started-at="2015-11-12T16:28:29Z" finished-at="2015-11-12T16:28:29Z">
        </test-method>
        <test-method status="PASS" signature="required_spec210_mustBePreparedToReceiveAnOnErrorSignalWithPrecedingRequestCall()" name="required_spec210_mustBePreparedToReceiveAnOnErrorSignalWithPrecedingRequestCall" duration-ms="2" started-at="2015-11-12T16:28:29Z" finished-at="2015-11-12T16:28:29Z">
        </test-method>
        <test-method status="PASS" signature="setUp()" name="setUp" is-config="true" duration-ms="0" started-at="2015-11-12T16:28:29Z" finished-at="2015-11-12T16:28:29Z">
        </test-method>
        <test-method status="PASS" signature="required_spec210_mustBePreparedToReceiveAnOnErrorSignalWithoutPrecedingRequestCall()" name="required_spec210_mustBePreparedToReceiveAnOnErrorSignalWithoutPrecedingRequestCall" duration-ms="1" started-at="2015-11-12T16:28:29Z" finished-at="2015-11-12T16:28:29Z">
        </test-method>
        <test-method status="PASS" signature="required_spec213_onError_mustThrowNullPointerExceptionWhenParametersAreNull()" name="required_spec213_onError_mustThrowNullPointerExceptionWhenParametersAreNull" duration-ms="2" started-at="2015-11-12T16:28:29Z" finished-at="2015-11-12T16:28:29Z">
        </test-method>
        <test-method status="PASS" signature="setUp()" name="setUp" is-config="true" duration-ms="0" started-at="2015-11-12T16:28:29Z" finished-at="2015-11-12T16:28:29Z">
        </test-method>
        <test-method status="PASS" signature="required_spec213_onNext_mustThrowNullPointerExceptionWhenParametersAreNull()" name="required_spec213_onNext_mustThrowNullPointerExceptionWhenParametersAreNull" duration-ms="1" started-at="2015-11-12T16:28:29Z" finished-at="2015-11-12T16:28:29Z">
        </test-method>
        <test-method status="PASS" signature="setUp()" name="setUp" is-config="true" duration-ms="0" started-at="2015-11-12T16:28:29Z" finished-at="2015-11-12T16:28:29Z">
        </test-method>
        <test-method status="PASS" signature="setUp()" name="setUp" is-config="true" duration-ms="0" started-at="2015-11-12T16:28:29Z" finished-at="2015-11-12T16:28:29Z">
        </test-method>
        <test-method status="PASS" signature="required_spec213_onSubscribe_mustThrowNullPointerExceptionWhenParametersAreNull()" name="required_spec213_onSubscribe_mustThrowNullPointerExceptionWhenParametersAreNull" duration-ms="1" started-at="2015-11-12T16:28:29Z" finished-at="2015-11-12T16:28:29Z">
        </test-method>
        <test-method status="PASS" signature="setUp()" name="setUp" is-config="true" duration-ms="0" started-at="2015-11-12T16:28:29Z" finished-at="2015-11-12T16:28:29Z">
        </test-method>
        <test-method status="PASS" signature="required_spec308_requestMustRegisterGivenNumberElementsToBeProduced()" name="required_spec308_requestMustRegisterGivenNumberElementsToBeProduced" duration-ms="608" started-at="2015-11-12T16:28:29Z" finished-at="2015-11-12T16:28:30Z">
        </test-method>
        <test-method status="SKIP" signature="untested_spec202_shouldAsynchronouslyDispatch()" name="untested_spec202_shouldAsynchronouslyDispatch" duration-ms="1" started-at="2015-11-12T16:28:30Z" finished-at="2015-11-12T16:28:30Z">
          <exception class="org.testng.SkipException">
            <message>
              <![CDATA[Not verified using this TCK.]]>
            </message>
            <full-stacktrace>
              <![CDATA[org.testng.SkipException: Not verified using this TCK.
	at org.reactivestreams.tck.SubscriberWhiteboxVerification.notVerified(SubscriberWhiteboxVerification.java:779)
	at org.reactivestreams.tck.SubscriberWhiteboxVerification.untested_spec202_shouldAsynchronouslyDispatch(SubscriberWhiteboxVerification.java:115)
	at sun.reflect.NativeMethodAccessorImpl.invoke0(Native Method)
	at sun.reflect.NativeMethodAccessorImpl.invoke(NativeMethodAccessorImpl.java:62)
	at sun.reflect.DelegatingMethodAccessorImpl.invoke(DelegatingMethodAccessorImpl.java:43)
	at java.lang.reflect.Method.invoke(Method.java:497)
	at org.testng.internal.MethodInvocationHelper.invokeMethod(MethodInvocationHelper.java:74)
	at org.testng.internal.Invoker.invokeMethod(Invoker.java:673)
	at org.testng.internal.Invoker.invokeTestMethod(Invoker.java:846)
	at org.testng.internal.Invoker.invokeTestMethods(Invoker.java:1170)
	at org.testng.internal.TestMethodWorker.invokeTestMethods(TestMethodWorker.java:125)
	at org.testng.internal.TestMethodWorker.run(TestMethodWorker.java:109)
	at org.testng.TestRunner.runWorkers(TestRunner.java:1147)
	at org.testng.TestRunner.privateRun(TestRunner.java:749)
	at org.testng.TestRunner.run(TestRunner.java:600)
	at org.testng.SuiteRunner.runTest(SuiteRunner.java:317)
	at org.testng.SuiteRunner.runSequentially(SuiteRunner.java:312)
	at org.testng.SuiteRunner.privateRun(SuiteRunner.java:274)
	at org.testng.SuiteRunner.run(SuiteRunner.java:223)
	at org.testng.SuiteRunnerWorker.runSuite(SuiteRunnerWorker.java:52)
	at org.testng.SuiteRunnerWorker.run(SuiteRunnerWorker.java:86)
	at org.testng.TestNG.runSuitesSequentially(TestNG.java:1039)
	at org.testng.TestNG.runSuitesLocally(TestNG.java:964)
	at org.testng.TestNG.run(TestNG.java:900)
	at org.testng.remote.RemoteTestNG.run(RemoteTestNG.java:110)
	at org.testng.remote.RemoteTestNG.initAndRun(RemoteTestNG.java:205)
	at org.testng.remote.RemoteTestNG.main(RemoteTestNG.java:174)
]]>
            </full-stacktrace>
          </exception>
        </test-method>
        <test-method status="PASS" signature="setUp()" name="setUp" is-config="true" duration-ms="0" started-at="2015-11-12T16:28:30Z" finished-at="2015-11-12T16:28:30Z">
        </test-method>
        <test-method status="PASS" signature="setUp()" name="setUp" is-config="true" duration-ms="0" started-at="2015-11-12T16:28:30Z" finished-at="2015-11-12T16:28:30Z">
        </test-method>
        <test-method status="SKIP" signature="untested_spec204_mustConsiderTheSubscriptionAsCancelledInAfterRecievingOnCompleteOrOnError()" name="untested_spec204_mustConsiderTheSubscriptionAsCancelledInAfterRecievingOnCompleteOrOnError" duration-ms="0" started-at="2015-11-12T16:28:30Z" finished-at="2015-11-12T16:28:30Z">
          <exception class="org.testng.SkipException">
            <message>
              <![CDATA[Not verified using this TCK.]]>
            </message>
            <full-stacktrace>
              <![CDATA[org.testng.SkipException: Not verified using this TCK.
	at org.reactivestreams.tck.SubscriberWhiteboxVerification.notVerified(SubscriberWhiteboxVerification.java:779)
	at org.reactivestreams.tck.SubscriberWhiteboxVerification.untested_spec204_mustConsiderTheSubscriptionAsCancelledInAfterRecievingOnCompleteOrOnError(SubscriberWhiteboxVerification.java:201)
	at sun.reflect.NativeMethodAccessorImpl.invoke0(Native Method)
	at sun.reflect.NativeMethodAccessorImpl.invoke(NativeMethodAccessorImpl.java:62)
	at sun.reflect.DelegatingMethodAccessorImpl.invoke(DelegatingMethodAccessorImpl.java:43)
	at java.lang.reflect.Method.invoke(Method.java:497)
	at org.testng.internal.MethodInvocationHelper.invokeMethod(MethodInvocationHelper.java:74)
	at org.testng.internal.Invoker.invokeMethod(Invoker.java:673)
	at org.testng.internal.Invoker.invokeTestMethod(Invoker.java:846)
	at org.testng.internal.Invoker.invokeTestMethods(Invoker.java:1170)
	at org.testng.internal.TestMethodWorker.invokeTestMethods(TestMethodWorker.java:125)
	at org.testng.internal.TestMethodWorker.run(TestMethodWorker.java:109)
	at org.testng.TestRunner.runWorkers(TestRunner.java:1147)
	at org.testng.TestRunner.privateRun(TestRunner.java:749)
	at org.testng.TestRunner.run(TestRunner.java:600)
	at org.testng.SuiteRunner.runTest(SuiteRunner.java:317)
	at org.testng.SuiteRunner.runSequentially(SuiteRunner.java:312)
	at org.testng.SuiteRunner.privateRun(SuiteRunner.java:274)
	at org.testng.SuiteRunner.run(SuiteRunner.java:223)
	at org.testng.SuiteRunnerWorker.runSuite(SuiteRunnerWorker.java:52)
	at org.testng.SuiteRunnerWorker.run(SuiteRunnerWorker.java:86)
	at org.testng.TestNG.runSuitesSequentially(TestNG.java:1039)
	at org.testng.TestNG.runSuitesLocally(TestNG.java:964)
	at org.testng.TestNG.run(TestNG.java:900)
	at org.testng.remote.RemoteTestNG.run(RemoteTestNG.java:110)
	at org.testng.remote.RemoteTestNG.initAndRun(RemoteTestNG.java:205)
	at org.testng.remote.RemoteTestNG.main(RemoteTestNG.java:174)
]]>
            </full-stacktrace>
          </exception>
        </test-method>
        <test-method status="SKIP" signature="untested_spec206_mustCallSubscriptionCancelIfItIsNoLongerValid()" name="untested_spec206_mustCallSubscriptionCancelIfItIsNoLongerValid" duration-ms="0" started-at="2015-11-12T16:28:30Z" finished-at="2015-11-12T16:28:30Z">
          <exception class="org.testng.SkipException">
            <message>
              <![CDATA[Not verified using this TCK.]]>
            </message>
            <full-stacktrace>
              <![CDATA[org.testng.SkipException: Not verified using this TCK.
	at org.reactivestreams.tck.SubscriberWhiteboxVerification.notVerified(SubscriberWhiteboxVerification.java:779)
	at org.reactivestreams.tck.SubscriberWhiteboxVerification.untested_spec206_mustCallSubscriptionCancelIfItIsNoLongerValid(SubscriberWhiteboxVerification.java:240)
	at sun.reflect.NativeMethodAccessorImpl.invoke0(Native Method)
	at sun.reflect.NativeMethodAccessorImpl.invoke(NativeMethodAccessorImpl.java:62)
	at sun.reflect.DelegatingMethodAccessorImpl.invoke(DelegatingMethodAccessorImpl.java:43)
	at java.lang.reflect.Method.invoke(Method.java:497)
	at org.testng.internal.MethodInvocationHelper.invokeMethod(MethodInvocationHelper.java:74)
	at org.testng.internal.Invoker.invokeMethod(Invoker.java:673)
	at org.testng.internal.Invoker.invokeTestMethod(Invoker.java:846)
	at org.testng.internal.Invoker.invokeTestMethods(Invoker.java:1170)
	at org.testng.internal.TestMethodWorker.invokeTestMethods(TestMethodWorker.java:125)
	at org.testng.internal.TestMethodWorker.run(TestMethodWorker.java:109)
	at org.testng.TestRunner.runWorkers(TestRunner.java:1147)
	at org.testng.TestRunner.privateRun(TestRunner.java:749)
	at org.testng.TestRunner.run(TestRunner.java:600)
	at org.testng.SuiteRunner.runTest(SuiteRunner.java:317)
	at org.testng.SuiteRunner.runSequentially(SuiteRunner.java:312)
	at org.testng.SuiteRunner.privateRun(SuiteRunner.java:274)
	at org.testng.SuiteRunner.run(SuiteRunner.java:223)
	at org.testng.SuiteRunnerWorker.runSuite(SuiteRunnerWorker.java:52)
	at org.testng.SuiteRunnerWorker.run(SuiteRunnerWorker.java:86)
	at org.testng.TestNG.runSuitesSequentially(TestNG.java:1039)
	at org.testng.TestNG.runSuitesLocally(TestNG.java:964)
	at org.testng.TestNG.run(TestNG.java:900)
	at org.testng.remote.RemoteTestNG.run(RemoteTestNG.java:110)
	at org.testng.remote.RemoteTestNG.initAndRun(RemoteTestNG.java:205)
	at org.testng.remote.RemoteTestNG.main(RemoteTestNG.java:174)
]]>
            </full-stacktrace>
          </exception>
        </test-method>
        <test-method status="PASS" signature="setUp()" name="setUp" is-config="true" duration-ms="0" started-at="2015-11-12T16:28:30Z" finished-at="2015-11-12T16:28:30Z">
        </test-method>
        <test-method status="PASS" signature="setUp()" name="setUp" is-config="true" duration-ms="0" started-at="2015-11-12T16:28:30Z" finished-at="2015-11-12T16:28:30Z">
        </test-method>
        <test-method status="SKIP" signature="untested_spec207_mustEnsureAllCallsOnItsSubscriptionTakePlaceFromTheSameThreadOrTakeCareOfSynchronization()" name="untested_spec207_mustEnsureAllCallsOnItsSubscriptionTakePlaceFromTheSameThreadOrTakeCareOfSynchronization" duration-ms="0" started-at="2015-11-12T16:28:30Z" finished-at="2015-11-12T16:28:30Z">
          <exception class="org.testng.SkipException">
            <message>
              <![CDATA[Not verified using this TCK.]]>
            </message>
            <full-stacktrace>
              <![CDATA[org.testng.SkipException: Not verified using this TCK.
	at org.reactivestreams.tck.SubscriberWhiteboxVerification.notVerified(SubscriberWhiteboxVerification.java:779)
	at org.reactivestreams.tck.SubscriberWhiteboxVerification.untested_spec207_mustEnsureAllCallsOnItsSubscriptionTakePlaceFromTheSameThreadOrTakeCareOfSynchronization(SubscriberWhiteboxVerification.java:246)
	at sun.reflect.NativeMethodAccessorImpl.invoke0(Native Method)
	at sun.reflect.NativeMethodAccessorImpl.invoke(NativeMethodAccessorImpl.java:62)
	at sun.reflect.DelegatingMethodAccessorImpl.invoke(DelegatingMethodAccessorImpl.java:43)
	at java.lang.reflect.Method.invoke(Method.java:497)
	at org.testng.internal.MethodInvocationHelper.invokeMethod(MethodInvocationHelper.java:74)
	at org.testng.internal.Invoker.invokeMethod(Invoker.java:673)
	at org.testng.internal.Invoker.invokeTestMethod(Invoker.java:846)
	at org.testng.internal.Invoker.invokeTestMethods(Invoker.java:1170)
	at org.testng.internal.TestMethodWorker.invokeTestMethods(TestMethodWorker.java:125)
	at org.testng.internal.TestMethodWorker.run(TestMethodWorker.java:109)
	at org.testng.TestRunner.runWorkers(TestRunner.java:1147)
	at org.testng.TestRunner.privateRun(TestRunner.java:749)
	at org.testng.TestRunner.run(TestRunner.java:600)
	at org.testng.SuiteRunner.runTest(SuiteRunner.java:317)
	at org.testng.SuiteRunner.runSequentially(SuiteRunner.java:312)
	at org.testng.SuiteRunner.privateRun(SuiteRunner.java:274)
	at org.testng.SuiteRunner.run(SuiteRunner.java:223)
	at org.testng.SuiteRunnerWorker.runSuite(SuiteRunnerWorker.java:52)
	at org.testng.SuiteRunnerWorker.run(SuiteRunnerWorker.java:86)
	at org.testng.TestNG.runSuitesSequentially(TestNG.java:1039)
	at org.testng.TestNG.runSuitesLocally(TestNG.java:964)
	at org.testng.TestNG.run(TestNG.java:900)
	at org.testng.remote.RemoteTestNG.run(RemoteTestNG.java:110)
	at org.testng.remote.RemoteTestNG.initAndRun(RemoteTestNG.java:205)
	at org.testng.remote.RemoteTestNG.main(RemoteTestNG.java:174)
]]>
            </full-stacktrace>
          </exception>
        </test-method>
        <test-method status="PASS" signature="setUp()" name="setUp" is-config="true" duration-ms="0" started-at="2015-11-12T16:28:30Z" finished-at="2015-11-12T16:28:30Z">
        </test-method>
        <test-method status="PASS" signature="setUp()" name="setUp" is-config="true" duration-ms="0" started-at="2015-11-12T16:28:30Z" finished-at="2015-11-12T16:28:30Z">
        </test-method>
        <test-method status="SKIP" signature="untested_spec212_mustNotCallOnSubscribeMoreThanOnceBasedOnObjectEquality_specViolation()" name="untested_spec212_mustNotCallOnSubscribeMoreThanOnceBasedOnObjectEquality_specViolation" duration-ms="1" started-at="2015-11-12T16:28:30Z" finished-at="2015-11-12T16:28:30Z">
          <exception class="org.testng.SkipException">
            <message>
              <![CDATA[Not verified using this TCK.]]>
            </message>
            <full-stacktrace>
              <![CDATA[org.testng.SkipException: Not verified using this TCK.
	at org.reactivestreams.tck.SubscriberWhiteboxVerification.notVerified(SubscriberWhiteboxVerification.java:779)
	at org.reactivestreams.tck.SubscriberWhiteboxVerification.untested_spec212_mustNotCallOnSubscribeMoreThanOnceBasedOnObjectEquality_specViolation(SubscriberWhiteboxVerification.java:339)
	at sun.reflect.NativeMethodAccessorImpl.invoke0(Native Method)
	at sun.reflect.NativeMethodAccessorImpl.invoke(NativeMethodAccessorImpl.java:62)
	at sun.reflect.DelegatingMethodAccessorImpl.invoke(DelegatingMethodAccessorImpl.java:43)
	at java.lang.reflect.Method.invoke(Method.java:497)
	at org.testng.internal.MethodInvocationHelper.invokeMethod(MethodInvocationHelper.java:74)
	at org.testng.internal.Invoker.invokeMethod(Invoker.java:673)
	at org.testng.internal.Invoker.invokeTestMethod(Invoker.java:846)
	at org.testng.internal.Invoker.invokeTestMethods(Invoker.java:1170)
	at org.testng.internal.TestMethodWorker.invokeTestMethods(TestMethodWorker.java:125)
	at org.testng.internal.TestMethodWorker.run(TestMethodWorker.java:109)
	at org.testng.TestRunner.runWorkers(TestRunner.java:1147)
	at org.testng.TestRunner.privateRun(TestRunner.java:749)
	at org.testng.TestRunner.run(TestRunner.java:600)
	at org.testng.SuiteRunner.runTest(SuiteRunner.java:317)
	at org.testng.SuiteRunner.runSequentially(SuiteRunner.java:312)
	at org.testng.SuiteRunner.privateRun(SuiteRunner.java:274)
	at org.testng.SuiteRunner.run(SuiteRunner.java:223)
	at org.testng.SuiteRunnerWorker.runSuite(SuiteRunnerWorker.java:52)
	at org.testng.SuiteRunnerWorker.run(SuiteRunnerWorker.java:86)
	at org.testng.TestNG.runSuitesSequentially(TestNG.java:1039)
	at org.testng.TestNG.runSuitesLocally(TestNG.java:964)
	at org.testng.TestNG.run(TestNG.java:900)
	at org.testng.remote.RemoteTestNG.run(RemoteTestNG.java:110)
	at org.testng.remote.RemoteTestNG.initAndRun(RemoteTestNG.java:205)
	at org.testng.remote.RemoteTestNG.main(RemoteTestNG.java:174)
]]>
            </full-stacktrace>
          </exception>
        </test-method>
        <test-method status="SKIP" signature="untested_spec211_mustMakeSureThatAllCallsOnItsMethodsHappenBeforeTheProcessingOfTheRespectiveEvents()" name="untested_spec211_mustMakeSureThatAllCallsOnItsMethodsHappenBeforeTheProcessingOfTheRespectiveEvents" duration-ms="0" started-at="2015-11-12T16:28:30Z" finished-at="2015-11-12T16:28:30Z">
          <exception class="org.testng.SkipException">
            <message>
              <![CDATA[Not verified using this TCK.]]>
            </message>
            <full-stacktrace>
              <![CDATA[org.testng.SkipException: Not verified using this TCK.
	at org.reactivestreams.tck.SubscriberWhiteboxVerification.notVerified(SubscriberWhiteboxVerification.java:779)
	at org.reactivestreams.tck.SubscriberWhiteboxVerification.untested_spec211_mustMakeSureThatAllCallsOnItsMethodsHappenBeforeTheProcessingOfTheRespectiveEvents(SubscriberWhiteboxVerification.java:333)
	at sun.reflect.NativeMethodAccessorImpl.invoke0(Native Method)
	at sun.reflect.NativeMethodAccessorImpl.invoke(NativeMethodAccessorImpl.java:62)
	at sun.reflect.DelegatingMethodAccessorImpl.invoke(DelegatingMethodAccessorImpl.java:43)
	at java.lang.reflect.Method.invoke(Method.java:497)
	at org.testng.internal.MethodInvocationHelper.invokeMethod(MethodInvocationHelper.java:74)
	at org.testng.internal.Invoker.invokeMethod(Invoker.java:673)
	at org.testng.internal.Invoker.invokeTestMethod(Invoker.java:846)
	at org.testng.internal.Invoker.invokeTestMethods(Invoker.java:1170)
	at org.testng.internal.TestMethodWorker.invokeTestMethods(TestMethodWorker.java:125)
	at org.testng.internal.TestMethodWorker.run(TestMethodWorker.java:109)
	at org.testng.TestRunner.runWorkers(TestRunner.java:1147)
	at org.testng.TestRunner.privateRun(TestRunner.java:749)
	at org.testng.TestRunner.run(TestRunner.java:600)
	at org.testng.SuiteRunner.runTest(SuiteRunner.java:317)
	at org.testng.SuiteRunner.runSequentially(SuiteRunner.java:312)
	at org.testng.SuiteRunner.privateRun(SuiteRunner.java:274)
	at org.testng.SuiteRunner.run(SuiteRunner.java:223)
	at org.testng.SuiteRunnerWorker.runSuite(SuiteRunnerWorker.java:52)
	at org.testng.SuiteRunnerWorker.run(SuiteRunnerWorker.java:86)
	at org.testng.TestNG.runSuitesSequentially(TestNG.java:1039)
	at org.testng.TestNG.runSuitesLocally(TestNG.java:964)
	at org.testng.TestNG.run(TestNG.java:900)
	at org.testng.remote.RemoteTestNG.run(RemoteTestNG.java:110)
	at org.testng.remote.RemoteTestNG.initAndRun(RemoteTestNG.java:205)
	at org.testng.remote.RemoteTestNG.main(RemoteTestNG.java:174)
]]>
            </full-stacktrace>
          </exception>
        </test-method>
        <test-method status="PASS" signature="setUp()" name="setUp" is-config="true" duration-ms="0" started-at="2015-11-12T16:28:30Z" finished-at="2015-11-12T16:28:30Z">
        </test-method>
        <test-method status="SKIP" signature="untested_spec213_failingOnSignalInvocation()" name="untested_spec213_failingOnSignalInvocation" duration-ms="0" started-at="2015-11-12T16:28:30Z" finished-at="2015-11-12T16:28:30Z">
          <exception class="org.testng.SkipException">
            <message>
              <![CDATA[Not verified using this TCK.]]>
            </message>
            <full-stacktrace>
              <![CDATA[org.testng.SkipException: Not verified using this TCK.
	at org.reactivestreams.tck.SubscriberWhiteboxVerification.notVerified(SubscriberWhiteboxVerification.java:779)
	at org.reactivestreams.tck.SubscriberWhiteboxVerification.untested_spec213_failingOnSignalInvocation(SubscriberWhiteboxVerification.java:345)
	at sun.reflect.NativeMethodAccessorImpl.invoke0(Native Method)
	at sun.reflect.NativeMethodAccessorImpl.invoke(NativeMethodAccessorImpl.java:62)
	at sun.reflect.DelegatingMethodAccessorImpl.invoke(DelegatingMethodAccessorImpl.java:43)
	at java.lang.reflect.Method.invoke(Method.java:497)
	at org.testng.internal.MethodInvocationHelper.invokeMethod(MethodInvocationHelper.java:74)
	at org.testng.internal.Invoker.invokeMethod(Invoker.java:673)
	at org.testng.internal.Invoker.invokeTestMethod(Invoker.java:846)
	at org.testng.internal.Invoker.invokeTestMethods(Invoker.java:1170)
	at org.testng.internal.TestMethodWorker.invokeTestMethods(TestMethodWorker.java:125)
	at org.testng.internal.TestMethodWorker.run(TestMethodWorker.java:109)
	at org.testng.TestRunner.runWorkers(TestRunner.java:1147)
	at org.testng.TestRunner.privateRun(TestRunner.java:749)
	at org.testng.TestRunner.run(TestRunner.java:600)
	at org.testng.SuiteRunner.runTest(SuiteRunner.java:317)
	at org.testng.SuiteRunner.runSequentially(SuiteRunner.java:312)
	at org.testng.SuiteRunner.privateRun(SuiteRunner.java:274)
	at org.testng.SuiteRunner.run(SuiteRunner.java:223)
	at org.testng.SuiteRunnerWorker.runSuite(SuiteRunnerWorker.java:52)
	at org.testng.SuiteRunnerWorker.run(SuiteRunnerWorker.java:86)
	at org.testng.TestNG.runSuitesSequentially(TestNG.java:1039)
	at org.testng.TestNG.runSuitesLocally(TestNG.java:964)
	at org.testng.TestNG.run(TestNG.java:900)
	at org.testng.remote.RemoteTestNG.run(RemoteTestNG.java:110)
	at org.testng.remote.RemoteTestNG.initAndRun(RemoteTestNG.java:205)
	at org.testng.remote.RemoteTestNG.main(RemoteTestNG.java:174)
]]>
            </full-stacktrace>
          </exception>
        </test-method>
        <test-method status="SKIP" signature="untested_spec301_mustNotBeCalledOutsideSubscriberContext()" name="untested_spec301_mustNotBeCalledOutsideSubscriberContext" duration-ms="0" started-at="2015-11-12T16:28:30Z" finished-at="2015-11-12T16:28:30Z">
          <exception class="org.testng.SkipException">
            <message>
              <![CDATA[Not verified using this TCK.]]>
            </message>
            <full-stacktrace>
              <![CDATA[org.testng.SkipException: Not verified using this TCK.
	at org.reactivestreams.tck.SubscriberWhiteboxVerification.notVerified(SubscriberWhiteboxVerification.java:779)
	at org.reactivestreams.tck.SubscriberWhiteboxVerification.untested_spec301_mustNotBeCalledOutsideSubscriberContext(SubscriberWhiteboxVerification.java:418)
	at sun.reflect.NativeMethodAccessorImpl.invoke0(Native Method)
	at sun.reflect.NativeMethodAccessorImpl.invoke(NativeMethodAccessorImpl.java:62)
	at sun.reflect.DelegatingMethodAccessorImpl.invoke(DelegatingMethodAccessorImpl.java:43)
	at java.lang.reflect.Method.invoke(Method.java:497)
	at org.testng.internal.MethodInvocationHelper.invokeMethod(MethodInvocationHelper.java:74)
	at org.testng.internal.Invoker.invokeMethod(Invoker.java:673)
	at org.testng.internal.Invoker.invokeTestMethod(Invoker.java:846)
	at org.testng.internal.Invoker.invokeTestMethods(Invoker.java:1170)
	at org.testng.internal.TestMethodWorker.invokeTestMethods(TestMethodWorker.java:125)
	at org.testng.internal.TestMethodWorker.run(TestMethodWorker.java:109)
	at org.testng.TestRunner.runWorkers(TestRunner.java:1147)
	at org.testng.TestRunner.privateRun(TestRunner.java:749)
	at org.testng.TestRunner.run(TestRunner.java:600)
	at org.testng.SuiteRunner.runTest(SuiteRunner.java:317)
	at org.testng.SuiteRunner.runSequentially(SuiteRunner.java:312)
	at org.testng.SuiteRunner.privateRun(SuiteRunner.java:274)
	at org.testng.SuiteRunner.run(SuiteRunner.java:223)
	at org.testng.SuiteRunnerWorker.runSuite(SuiteRunnerWorker.java:52)
	at org.testng.SuiteRunnerWorker.run(SuiteRunnerWorker.java:86)
	at org.testng.TestNG.runSuitesSequentially(TestNG.java:1039)
	at org.testng.TestNG.runSuitesLocally(TestNG.java:964)
	at org.testng.TestNG.run(TestNG.java:900)
	at org.testng.remote.RemoteTestNG.run(RemoteTestNG.java:110)
	at org.testng.remote.RemoteTestNG.initAndRun(RemoteTestNG.java:205)
	at org.testng.remote.RemoteTestNG.main(RemoteTestNG.java:174)
]]>
            </full-stacktrace>
          </exception>
        </test-method>
        <test-method status="PASS" signature="setUp()" name="setUp" is-config="true" duration-ms="0" started-at="2015-11-12T16:28:30Z" finished-at="2015-11-12T16:28:30Z">
        </test-method>
        <test-method status="SKIP" signature="untested_spec310_requestMaySynchronouslyCallOnNextOnSubscriber()" name="untested_spec310_requestMaySynchronouslyCallOnNextOnSubscriber" duration-ms="1" started-at="2015-11-12T16:28:30Z" finished-at="2015-11-12T16:28:30Z">
          <exception class="org.testng.SkipException">
            <message>
              <![CDATA[Not verified using this TCK.]]>
            </message>
            <full-stacktrace>
              <![CDATA[org.testng.SkipException: Not verified using this TCK.
	at org.reactivestreams.tck.SubscriberWhiteboxVerification.notVerified(SubscriberWhiteboxVerification.java:779)
	at org.reactivestreams.tck.SubscriberWhiteboxVerification.untested_spec310_requestMaySynchronouslyCallOnNextOnSubscriber(SubscriberWhiteboxVerification.java:442)
	at sun.reflect.NativeMethodAccessorImpl.invoke0(Native Method)
	at sun.reflect.NativeMethodAccessorImpl.invoke(NativeMethodAccessorImpl.java:62)
	at sun.reflect.DelegatingMethodAccessorImpl.invoke(DelegatingMethodAccessorImpl.java:43)
	at java.lang.reflect.Method.invoke(Method.java:497)
	at org.testng.internal.MethodInvocationHelper.invokeMethod(MethodInvocationHelper.java:74)
	at org.testng.internal.Invoker.invokeMethod(Invoker.java:673)
	at org.testng.internal.Invoker.invokeTestMethod(Invoker.java:846)
	at org.testng.internal.Invoker.invokeTestMethods(Invoker.java:1170)
	at org.testng.internal.TestMethodWorker.invokeTestMethods(TestMethodWorker.java:125)
	at org.testng.internal.TestMethodWorker.run(TestMethodWorker.java:109)
	at org.testng.TestRunner.runWorkers(TestRunner.java:1147)
	at org.testng.TestRunner.privateRun(TestRunner.java:749)
	at org.testng.TestRunner.run(TestRunner.java:600)
	at org.testng.SuiteRunner.runTest(SuiteRunner.java:317)
	at org.testng.SuiteRunner.runSequentially(SuiteRunner.java:312)
	at org.testng.SuiteRunner.privateRun(SuiteRunner.java:274)
	at org.testng.SuiteRunner.run(SuiteRunner.java:223)
	at org.testng.SuiteRunnerWorker.runSuite(SuiteRunnerWorker.java:52)
	at org.testng.SuiteRunnerWorker.run(SuiteRunnerWorker.java:86)
	at org.testng.TestNG.runSuitesSequentially(TestNG.java:1039)
	at org.testng.TestNG.runSuitesLocally(TestNG.java:964)
	at org.testng.TestNG.run(TestNG.java:900)
	at org.testng.remote.RemoteTestNG.run(RemoteTestNG.java:110)
	at org.testng.remote.RemoteTestNG.initAndRun(RemoteTestNG.java:205)
	at org.testng.remote.RemoteTestNG.main(RemoteTestNG.java:174)
]]>
            </full-stacktrace>
          </exception>
        </test-method>
        <test-method status="PASS" signature="setUp()" name="setUp" is-config="true" duration-ms="0" started-at="2015-11-12T16:28:30Z" finished-at="2015-11-12T16:28:30Z">
        </test-method>
        <test-method status="SKIP" signature="untested_spec311_requestMaySynchronouslyCallOnCompleteOrOnError()" name="untested_spec311_requestMaySynchronouslyCallOnCompleteOrOnError" duration-ms="1" started-at="2015-11-12T16:28:30Z" finished-at="2015-11-12T16:28:30Z">
          <exception class="org.testng.SkipException">
            <message>
              <![CDATA[Not verified using this TCK.]]>
            </message>
            <full-stacktrace>
              <![CDATA[org.testng.SkipException: Not verified using this TCK.
	at org.reactivestreams.tck.SubscriberWhiteboxVerification.notVerified(SubscriberWhiteboxVerification.java:779)
	at org.reactivestreams.tck.SubscriberWhiteboxVerification.untested_spec311_requestMaySynchronouslyCallOnCompleteOrOnError(SubscriberWhiteboxVerification.java:448)
	at sun.reflect.NativeMethodAccessorImpl.invoke0(Native Method)
	at sun.reflect.NativeMethodAccessorImpl.invoke(NativeMethodAccessorImpl.java:62)
	at sun.reflect.DelegatingMethodAccessorImpl.invoke(DelegatingMethodAccessorImpl.java:43)
	at java.lang.reflect.Method.invoke(Method.java:497)
	at org.testng.internal.MethodInvocationHelper.invokeMethod(MethodInvocationHelper.java:74)
	at org.testng.internal.Invoker.invokeMethod(Invoker.java:673)
	at org.testng.internal.Invoker.invokeTestMethod(Invoker.java:846)
	at org.testng.internal.Invoker.invokeTestMethods(Invoker.java:1170)
	at org.testng.internal.TestMethodWorker.invokeTestMethods(TestMethodWorker.java:125)
	at org.testng.internal.TestMethodWorker.run(TestMethodWorker.java:109)
	at org.testng.TestRunner.runWorkers(TestRunner.java:1147)
	at org.testng.TestRunner.privateRun(TestRunner.java:749)
	at org.testng.TestRunner.run(TestRunner.java:600)
	at org.testng.SuiteRunner.runTest(SuiteRunner.java:317)
	at org.testng.SuiteRunner.runSequentially(SuiteRunner.java:312)
	at org.testng.SuiteRunner.privateRun(SuiteRunner.java:274)
	at org.testng.SuiteRunner.run(SuiteRunner.java:223)
	at org.testng.SuiteRunnerWorker.runSuite(SuiteRunnerWorker.java:52)
	at org.testng.SuiteRunnerWorker.run(SuiteRunnerWorker.java:86)
	at org.testng.TestNG.runSuitesSequentially(TestNG.java:1039)
	at org.testng.TestNG.runSuitesLocally(TestNG.java:964)
	at org.testng.TestNG.run(TestNG.java:900)
	at org.testng.remote.RemoteTestNG.run(RemoteTestNG.java:110)
	at org.testng.remote.RemoteTestNG.initAndRun(RemoteTestNG.java:205)
	at org.testng.remote.RemoteTestNG.main(RemoteTestNG.java:174)
]]>
            </full-stacktrace>
          </exception>
        </test-method>
        <test-method status="PASS" signature="setUp()" name="setUp" is-config="true" duration-ms="0" started-at="2015-11-12T16:28:30Z" finished-at="2015-11-12T16:28:30Z">
        </test-method>
        <test-method status="SKIP" signature="untested_spec314_cancelMayCauseThePublisherToShutdownIfNoOtherSubscriptionExists()" name="untested_spec314_cancelMayCauseThePublisherToShutdownIfNoOtherSubscriptionExists" duration-ms="1" started-at="2015-11-12T16:28:30Z" finished-at="2015-11-12T16:28:30Z">
          <exception class="org.testng.SkipException">
            <message>
              <![CDATA[Not verified using this TCK.]]>
            </message>
            <full-stacktrace>
              <![CDATA[org.testng.SkipException: Not verified using this TCK.
	at org.reactivestreams.tck.SubscriberWhiteboxVerification.notVerified(SubscriberWhiteboxVerification.java:779)
	at org.reactivestreams.tck.SubscriberWhiteboxVerification.untested_spec314_cancelMayCauseThePublisherToShutdownIfNoOtherSubscriptionExists(SubscriberWhiteboxVerification.java:454)
	at sun.reflect.NativeMethodAccessorImpl.invoke0(Native Method)
	at sun.reflect.NativeMethodAccessorImpl.invoke(NativeMethodAccessorImpl.java:62)
	at sun.reflect.DelegatingMethodAccessorImpl.invoke(DelegatingMethodAccessorImpl.java:43)
	at java.lang.reflect.Method.invoke(Method.java:497)
	at org.testng.internal.MethodInvocationHelper.invokeMethod(MethodInvocationHelper.java:74)
	at org.testng.internal.Invoker.invokeMethod(Invoker.java:673)
	at org.testng.internal.Invoker.invokeTestMethod(Invoker.java:846)
	at org.testng.internal.Invoker.invokeTestMethods(Invoker.java:1170)
	at org.testng.internal.TestMethodWorker.invokeTestMethods(TestMethodWorker.java:125)
	at org.testng.internal.TestMethodWorker.run(TestMethodWorker.java:109)
	at org.testng.TestRunner.runWorkers(TestRunner.java:1147)
	at org.testng.TestRunner.privateRun(TestRunner.java:749)
	at org.testng.TestRunner.run(TestRunner.java:600)
	at org.testng.SuiteRunner.runTest(SuiteRunner.java:317)
	at org.testng.SuiteRunner.runSequentially(SuiteRunner.java:312)
	at org.testng.SuiteRunner.privateRun(SuiteRunner.java:274)
	at org.testng.SuiteRunner.run(SuiteRunner.java:223)
	at org.testng.SuiteRunnerWorker.runSuite(SuiteRunnerWorker.java:52)
	at org.testng.SuiteRunnerWorker.run(SuiteRunnerWorker.java:86)
	at org.testng.TestNG.runSuitesSequentially(TestNG.java:1039)
	at org.testng.TestNG.runSuitesLocally(TestNG.java:964)
	at org.testng.TestNG.run(TestNG.java:900)
	at org.testng.remote.RemoteTestNG.run(RemoteTestNG.java:110)
	at org.testng.remote.RemoteTestNG.initAndRun(RemoteTestNG.java:205)
	at org.testng.remote.RemoteTestNG.main(RemoteTestNG.java:174)
]]>
            </full-stacktrace>
          </exception>
        </test-method>
        <test-method status="PASS" signature="setUp()" name="setUp" is-config="true" duration-ms="0" started-at="2015-11-12T16:28:30Z" finished-at="2015-11-12T16:28:30Z">
        </test-method>
        <test-method status="PASS" signature="setUp()" name="setUp" is-config="true" duration-ms="0" started-at="2015-11-12T16:28:30Z" finished-at="2015-11-12T16:28:30Z">
        </test-method>
        <test-method status="SKIP" signature="untested_spec315_cancelMustNotThrowExceptionAndMustSignalOnError()" name="untested_spec315_cancelMustNotThrowExceptionAndMustSignalOnError" duration-ms="1" started-at="2015-11-12T16:28:30Z" finished-at="2015-11-12T16:28:30Z">
          <exception class="org.testng.SkipException">
            <message>
              <![CDATA[Not verified using this TCK.]]>
            </message>
            <full-stacktrace>
              <![CDATA[org.testng.SkipException: Not verified using this TCK.
	at org.reactivestreams.tck.SubscriberWhiteboxVerification.notVerified(SubscriberWhiteboxVerification.java:779)
	at org.reactivestreams.tck.SubscriberWhiteboxVerification.untested_spec315_cancelMustNotThrowExceptionAndMustSignalOnError(SubscriberWhiteboxVerification.java:460)
	at sun.reflect.NativeMethodAccessorImpl.invoke0(Native Method)
	at sun.reflect.NativeMethodAccessorImpl.invoke(NativeMethodAccessorImpl.java:62)
	at sun.reflect.DelegatingMethodAccessorImpl.invoke(DelegatingMethodAccessorImpl.java:43)
	at java.lang.reflect.Method.invoke(Method.java:497)
	at org.testng.internal.MethodInvocationHelper.invokeMethod(MethodInvocationHelper.java:74)
	at org.testng.internal.Invoker.invokeMethod(Invoker.java:673)
	at org.testng.internal.Invoker.invokeTestMethod(Invoker.java:846)
	at org.testng.internal.Invoker.invokeTestMethods(Invoker.java:1170)
	at org.testng.internal.TestMethodWorker.invokeTestMethods(TestMethodWorker.java:125)
	at org.testng.internal.TestMethodWorker.run(TestMethodWorker.java:109)
	at org.testng.TestRunner.runWorkers(TestRunner.java:1147)
	at org.testng.TestRunner.privateRun(TestRunner.java:749)
	at org.testng.TestRunner.run(TestRunner.java:600)
	at org.testng.SuiteRunner.runTest(SuiteRunner.java:317)
	at org.testng.SuiteRunner.runSequentially(SuiteRunner.java:312)
	at org.testng.SuiteRunner.privateRun(SuiteRunner.java:274)
	at org.testng.SuiteRunner.run(SuiteRunner.java:223)
	at org.testng.SuiteRunnerWorker.runSuite(SuiteRunnerWorker.java:52)
	at org.testng.SuiteRunnerWorker.run(SuiteRunnerWorker.java:86)
	at org.testng.TestNG.runSuitesSequentially(TestNG.java:1039)
	at org.testng.TestNG.runSuitesLocally(TestNG.java:964)
	at org.testng.TestNG.run(TestNG.java:900)
	at org.testng.remote.RemoteTestNG.run(RemoteTestNG.java:110)
	at org.testng.remote.RemoteTestNG.initAndRun(RemoteTestNG.java:205)
	at org.testng.remote.RemoteTestNG.main(RemoteTestNG.java:174)
]]>
            </full-stacktrace>
          </exception>
        </test-method>
        <test-method status="SKIP" signature="untested_spec316_requestMustNotThrowExceptionAndMustOnErrorTheSubscriber()" name="untested_spec316_requestMustNotThrowExceptionAndMustOnErrorTheSubscriber" duration-ms="1" started-at="2015-11-12T16:28:30Z" finished-at="2015-11-12T16:28:30Z">
          <exception class="org.testng.SkipException">
            <message>
              <![CDATA[Not verified using this TCK.]]>
            </message>
            <full-stacktrace>
              <![CDATA[org.testng.SkipException: Not verified using this TCK.
	at org.reactivestreams.tck.SubscriberWhiteboxVerification.notVerified(SubscriberWhiteboxVerification.java:779)
	at org.reactivestreams.tck.SubscriberWhiteboxVerification.untested_spec316_requestMustNotThrowExceptionAndMustOnErrorTheSubscriber(SubscriberWhiteboxVerification.java:466)
	at sun.reflect.NativeMethodAccessorImpl.invoke0(Native Method)
	at sun.reflect.NativeMethodAccessorImpl.invoke(NativeMethodAccessorImpl.java:62)
	at sun.reflect.DelegatingMethodAccessorImpl.invoke(DelegatingMethodAccessorImpl.java:43)
	at java.lang.reflect.Method.invoke(Method.java:497)
	at org.testng.internal.MethodInvocationHelper.invokeMethod(MethodInvocationHelper.java:74)
	at org.testng.internal.Invoker.invokeMethod(Invoker.java:673)
	at org.testng.internal.Invoker.invokeTestMethod(Invoker.java:846)
	at org.testng.internal.Invoker.invokeTestMethods(Invoker.java:1170)
	at org.testng.internal.TestMethodWorker.invokeTestMethods(TestMethodWorker.java:125)
	at org.testng.internal.TestMethodWorker.run(TestMethodWorker.java:109)
	at org.testng.TestRunner.runWorkers(TestRunner.java:1147)
	at org.testng.TestRunner.privateRun(TestRunner.java:749)
	at org.testng.TestRunner.run(TestRunner.java:600)
	at org.testng.SuiteRunner.runTest(SuiteRunner.java:317)
	at org.testng.SuiteRunner.runSequentially(SuiteRunner.java:312)
	at org.testng.SuiteRunner.privateRun(SuiteRunner.java:274)
	at org.testng.SuiteRunner.run(SuiteRunner.java:223)
	at org.testng.SuiteRunnerWorker.runSuite(SuiteRunnerWorker.java:52)
	at org.testng.SuiteRunnerWorker.run(SuiteRunnerWorker.java:86)
	at org.testng.TestNG.runSuitesSequentially(TestNG.java:1039)
	at org.testng.TestNG.runSuitesLocally(TestNG.java:964)
	at org.testng.TestNG.run(TestNG.java:900)
	at org.testng.remote.RemoteTestNG.run(RemoteTestNG.java:110)
	at org.testng.remote.RemoteTestNG.initAndRun(RemoteTestNG.java:205)
	at org.testng.remote.RemoteTestNG.main(RemoteTestNG.java:174)
]]>
            </full-stacktrace>
          </exception>
        </test-method>
        <test-method status="PASS" signature="setUp()" name="setUp" is-config="true" duration-ms="0" started-at="2015-11-12T16:28:30Z" finished-at="2015-11-12T16:28:30Z">
        </test-method>
        <test-method status="PASS" signature="shutdownPublisherExecutorService()" name="shutdownPublisherExecutorService" is-config="true" duration-ms="0" started-at="2015-11-12T16:28:30Z" finished-at="2015-11-12T16:28:30Z">
        </test-method>
      </class>
    </test>
  </suite>
</testng-results>
